<?xml version="1.0" encoding="UTF-8"?>
<!-- Generated by org.testng.reporters.JUnitReportReporter -->
<testsuite hostname="LAPTOP-A344PTEH" failures="0" tests="1" name="forwardparcelinsta.Forward_Insta" time="71.865" errors="0" timestamp="2024-04-04T10:43:33 IST" skipped="0">
  <testcase classname="forwardparcelinsta.Forward_Insta" name="insta" time="71.865"/>
  <system-out>
    <![CDATA[Navigating to https://www.instagram.com
Logging into instagram account
Searching for forward parcel bot
Entering menu
Clicking on send icon
Checking the question text here if it matches, entering the name
Entering the send icon
checking the next question text here if it matches, then closing the bot]]>
  </system-out>
</testsuite> <!-- forwardparcelinsta.Forward_Insta -->
