<?xml version="1.0" encoding="UTF-8"?>
<!-- Generated by org.testng.reporters.JUnitReportReporter -->
<testsuite hostname="LAPTOP-A344PTEH" failures="0" tests="1" name="royalambassador.Royal_Ambassador" time="33.283" errors="0" timestamp="2024-04-04T10:59:52 IST" skipped="0">
  <testcase classname="royalambassador.Royal_Ambassador" name="royalambassador" time="33.283">
    <system-out>
      <![CDATA[Navigating to https://www.royalambassadorbh.com/
Selecting the English Language from here
Entering the name
Entering the email
Selecting the country India
Entering the mobile number
Clicking on submit button
Checking the next question text here, it it matches closing the bot]]>
    </system-out>
  </testcase> <!-- royalambassador -->
  <system-out>
    <![CDATA[Navigating to https://www.royalambassadorbh.com/
Selecting the English Language from here
Entering the name
Entering the email
Selecting the country India
Entering the mobile number
Clicking on submit button
Checking the next question text here, it it matches closing the bot]]>
  </system-out>
</testsuite> <!-- royalambassador.Royal_Ambassador -->
