<?xml version="1.0" encoding="UTF-8"?>
<!-- Generated by org.testng.reporters.JUnitReportReporter -->
<testsuite hostname="LAPTOP-A344PTEH" failures="0" tests="1" name="modibuilders.Modi_Builders" time="50.871" errors="0" timestamp="2024-04-04T10:56:31 IST" skipped="0">
  <testcase classname="modibuilders.Modi_Builders" name="modibuilders" time="50.871">
    <system-out>
      <![CDATA[Navigating to https://www.modibuilders.com/
Checking the question text here if it matches clicking on 'About Us' option
Checking the next question text here if it matches then closing the bot]]>
    </system-out>
  </testcase> <!-- modibuilders -->
  <system-out>
    <![CDATA[Navigating to https://www.modibuilders.com/
Checking the question text here if it matches clicking on 'About Us' option
Checking the next question text here if it matches then closing the bot]]>
  </system-out>
</testsuite> <!-- modibuilders.Modi_Builders -->
