<?xml version="1.0" encoding="UTF-8"?>
<!-- Generated by org.testng.reporters.JUnitReportReporter -->
<testsuite hostname="LAPTOP-A344PTEH" failures="0" tests="1" name="soschildrenvillage.Sos_Children" time="29.568" errors="0" timestamp="2024-04-04T11:01:16 IST" skipped="0">
  <testcase classname="soschildrenvillage.Sos_Children" name="soschildren1" time="29.568"/>
  <system-out>
    <![CDATA[Navigating to https://www.soschildrensvillages.in
Checking if the question text is 'May I know your name?'
Typing the name in the input field
Now clicking on Send icon 
Checking if the last button text is 'Other' if it matches closing the bot]]>
  </system-out>
</testsuite> <!-- soschildrenvillage.Sos_Children -->
