<?xml version="1.0" encoding="UTF-8"?>
<!-- Generated by org.testng.reporters.JUnitReportReporter -->
<testsuite hostname="LAPTOP-A344PTEH" failures="0" tests="1" name="oakridge.Oak_Ridge" time="27.612" errors="0" timestamp="2024-04-04T10:57:24 IST" skipped="0">
  <testcase classname="oakridge.Oak_Ridge" name="oakridge" time="27.612">
    <system-out>
      <![CDATA[Navigating to https://www.oakridge.in/
Checking the question text here if it matches then clicking on the 'New Parent option
Checking the next question text here if it matches then closing the bot]]>
    </system-out>
  </testcase> <!-- oakridge -->
  <system-out>
    <![CDATA[Navigating to https://www.oakridge.in/
Checking the question text here if it matches then clicking on the 'New Parent option
Checking the next question text here if it matches then closing the bot]]>
  </system-out>
</testsuite> <!-- oakridge.Oak_Ridge -->
