<?xml version="1.0" encoding="UTF-8"?>
<!-- Generated by org.testng.reporters.JUnitReportReporter -->
<testsuite hostname="LAPTOP-A344PTEH" failures="0" tests="1" name="vinodrai.VinodRai" time="33.801" errors="0" timestamp="2024-04-04T11:03:55 IST" skipped="0">
  <testcase classname="vinodrai.VinodRai" name="vinod_rai" time="33.801"/>
  <system-out>
    <![CDATA[Navigating to https://www.vinodrai.com/
Checking the question text here if it matches, clicking on 'Yes' button
Entering the name
Clicking on Send icon
Checking the question text here, if it matches closing the bot]]>
  </system-out>
</testsuite> <!-- vinodrai.VinodRai -->
