<?xml version="1.0" encoding="UTF-8"?>
<!-- Generated by org.testng.reporters.JUnitReportReporter -->
<testsuite hostname="LAPTOP-A344PTEH" failures="0" tests="1" name="eightcontinents.Eight_Continents" time="22.668" errors="0" timestamp="2024-04-04T10:41:33 IST" skipped="0">
  <testcase classname="eightcontinents.Eight_Continents" name="eightcontinent" time="22.668">
    <system-out>
      <![CDATA[Navigating to https://www.eightcontinents.co.uk/
Checking the question text here if it matches then entering the name
Clicking on send icon
Checking the next question text here if it matches then closing the bot]]>
    </system-out>
  </testcase> <!-- eightcontinent -->
  <system-out>
    <![CDATA[Navigating to https://www.eightcontinents.co.uk/
Checking the question text here if it matches then entering the name
Clicking on send icon
Checking the next question text here if it matches then closing the bot]]>
  </system-out>
</testsuite> <!-- eightcontinents.Eight_Continents -->
