<?xml version="1.0" encoding="UTF-8"?>
<!-- Generated by org.testng.reporters.JUnitReportReporter -->
<testsuite hostname="LAPTOP-A344PTEH" failures="0" tests="1" name="hearingsolution.Hearing_Solutions" time="71.022" errors="0" timestamp="2024-04-04T10:52:22 IST" skipped="0">
  <testcase classname="hearingsolution.Hearing_Solutions" name="hearingsolutions" time="71.022">
    <system-out>
      <![CDATA[Navigating to https://hearingsolutions.in/
Checking the questing text here if it matches clicking on 'hearing test' button
Entering the name here
Clicking on send icon
Checking the next question text here if it matches closing the bot]]>
    </system-out>
  </testcase> <!-- hearingsolutions -->
  <system-out>
    <![CDATA[Navigating to https://hearingsolutions.in/
Checking the questing text here if it matches clicking on 'hearing test' button
Entering the name here
Clicking on send icon
Checking the next question text here if it matches closing the bot]]>
  </system-out>
</testsuite> <!-- hearingsolution.Hearing_Solutions -->
