<?xml version="1.0" encoding="UTF-8"?>
<!-- Generated by org.testng.reporters.JUnitReportReporter -->
<testsuite hostname="LAPTOP-A344PTEH" failures="0" tests="1" name="forwardparcelweb.Forward_Parcel_Web" time="50.964" errors="0" timestamp="2024-04-04T10:49:09 IST" skipped="0">
  <testcase classname="forwardparcelweb.Forward_Parcel_Web" name="forwardparcel" time="50.964">
    <system-out>
      <![CDATA[Navigating to https://www.forwardparcel.com/ 

Checking the question text here and if it matches entering the name 

Clicking on send icon 

Checking the next question text here if it matches closing the bot]]>
    </system-out>
  </testcase> <!-- forwardparcel -->
  <system-out>
    <![CDATA[Navigating to https://www.forwardparcel.com/ 

Checking the question text here and if it matches entering the name 

Clicking on send icon 

Checking the next question text here if it matches closing the bot]]>
  </system-out>
</testsuite> <!-- forwardparcelweb.Forward_Parcel_Web -->
