<?xml version="1.0" encoding="UTF-8"?>
<!-- Generated by org.testng.reporters.JUnitReportReporter -->
<testsuite hostname="LAPTOP-A344PTEH" failures="0" tests="1" name="ppropertyhandling.Property_Handling" time="29.691" errors="0" timestamp="2024-04-04T10:58:44 IST" skipped="0">
  <testcase classname="ppropertyhandling.Property_Handling" name="property" time="29.691"/>
  <system-out>
    <![CDATA[Navigating to https://propertyhandling.com/
Checking the question text here if it matches entering the name
Clicking on Send icon
Checking the next question text here if it matches closing the bot]]>
  </system-out>
</testsuite> <!-- ppropertyhandling.Property_Handling -->
