<?xml version="1.0" encoding="UTF-8"?>
<!-- Generated by org.testng.reporters.JUnitReportReporter -->
<testsuite hostname="LAPTOP-A344PTEH" failures="0" tests="1" name="forwardparcel.Forward_Parcel_Messenger" time="46.478" errors="0" timestamp="2024-04-04T10:50:37 IST" skipped="0">
  <testcase classname="forwardparcel.Forward_Parcel_Messenger" name="messenger" time="46.478">
    <system-out>
      <![CDATA[Logging into messemger account
Searching for forward parcel messenger bot
Checking the question text here if it matches then entring the name
Checking the next question text here if it matches then closing the bot]]>
    </system-out>
  </testcase> <!-- messenger -->
  <system-out>
    <![CDATA[Logging into messemger account
Searching for forward parcel messenger bot
Checking the question text here if it matches then entring the name
Checking the next question text here if it matches then closing the bot]]>
  </system-out>
</testsuite> <!-- forwardparcel.Forward_Parcel_Messenger -->
