<?xml version="1.0" encoding="UTF-8"?>
<!-- Generated by org.testng.reporters.JUnitReportReporter -->
<testsuite hostname="LAPTOP-A344PTEH" failures="0" tests="1" name="confidentialcoutureweb.Confidential_Couture_Web" time="27.798" errors="0" timestamp="2024-04-04T10:39:45 IST" skipped="0">
  <testcase classname="confidentialcoutureweb.Confidential_Couture_Web" name="confidential" time="27.798">
    <system-out>
      <![CDATA[Navigating to https://confidentialcouture.com/


Checking the question text if it matches clicking on 'Buy' button
Checking the question text of next question here if it matches closing the bot]]>
    </system-out>
  </testcase> <!-- confidential -->
  <system-out>
    <![CDATA[Navigating to https://confidentialcouture.com/


Checking the question text if it matches clicking on 'Buy' button
Checking the question text of next question here if it matches closing the bot]]>
  </system-out>
</testsuite> <!-- confidentialcoutureweb.Confidential_Couture_Web -->
