<?xml version="1.0" encoding="UTF-8"?>
<!-- Generated by org.testng.reporters.JUnitReportReporter -->
<testsuite hostname="LAPTOP-A344PTEH" failures="0" tests="1" name="ducatindia.Ducat_India" time="31.156" errors="0" timestamp="2024-04-04T10:40:44 IST" skipped="0">
  <testcase classname="ducatindia.Ducat_India" name="ducat" time="31.156">
    <system-out>
      <![CDATA[Navigating to https://ducatindia.com/
Checking the question text here if it matches entering the name
Clicking on send icon
Checking the next question text here if it matches then closing the bot]]>
    </system-out>
  </testcase> <!-- ducat -->
  <system-out>
    <![CDATA[Navigating to https://ducatindia.com/
Checking the question text here if it matches entering the name
Clicking on send icon
Checking the next question text here if it matches then closing the bot]]>
  </system-out>
</testsuite> <!-- ducatindia.Ducat_India -->
